{
  "RSpec": {
    "coverage": {
      "/home/minh/Desktop/intern_ruby_2022_ecommerce/app/helpers/admin/application_helper.rb": {
        "lines": [
          1,
          1,
          0,
          0,
          0,
          0,
          0,
          null,
          0,
          null,
          null,
          1,
          0,
          0,
          0,
          0,
          0,
          null,
          0,
          null,
          null,
          1,
          0,
          0,
          0,
          0,
          0,
          null,
          0,
          null,
          null
        ]
      },
      "/home/minh/Desktop/intern_ruby_2022_ecommerce/app/helpers/admin/category_helper.rb": {
        "lines": [
          1,
          1,
          0,
          0,
          null,
          null,
          1,
          0,
          0,
          0,
          null,
          null
        ]
      },
      "/home/minh/Desktop/intern_ruby_2022_ecommerce/app/helpers/admin/order_helper.rb": {
        "lines": [
          1,
          1,
          0,
          null,
          0,
          null,
          0,
          null,
          0,
          null,
          0,
          null,
          0,
          null,
          0,
          null,
          null,
          1,
          0,
          null,
          0,
          null,
          0,
          null,
          0,
          null,
          null,
          null,
          1,
          0,
          0,
          0,
          null,
          0,
          null,
          null,
          null
        ]
      },
      "/home/minh/Desktop/intern_ruby_2022_ecommerce/app/helpers/admin/product_helper.rb": {
        "lines": [
          1,
          1,
          0,
          0,
          null,
          null,
          1,
          0,
          0,
          0,
          0,
          null,
          0,
          null,
          null
        ]
      },
      "/home/minh/Desktop/intern_ruby_2022_ecommerce/app/helpers/admin/user_helper.rb": {
        "lines": [
          1,
          1,
          0,
          0,
          null,
          null,
          1,
          0,
          0,
          null,
          null,
          1,
          0,
          0,
          null,
          null,
          1,
          0,
          0,
          null,
          null,
          1,
          0,
          null,
          null,
          1,
          0,
          null,
          null
        ]
      },
      "/home/minh/Desktop/intern_ruby_2022_ecommerce/app/helpers/application_helper.rb": {
        "lines": [
          1,
          1,
          1,
          null,
          1,
          0,
          null,
          null
        ]
      },
      "/home/minh/Desktop/intern_ruby_2022_ecommerce/app/helpers/carts_helper.rb": {
        "lines": [
          1,
          1,
          12,
          12,
          12,
          null,
          null,
          1,
          0,
          0,
          0,
          null,
          null,
          null,
          1,
          0,
          0,
          null,
          null,
          1,
          6,
          null,
          null,
          1,
          0,
          0,
          null,
          null,
          1,
          0,
          0,
          0,
          0,
          0,
          0,
          null,
          null,
          null,
          null
        ]
      },
      "/home/minh/Desktop/intern_ruby_2022_ecommerce/app/helpers/ratings_helper.rb": {
        "lines": [
          1,
          1,
          0,
          null,
          null
        ]
      },
      "/home/minh/Desktop/intern_ruby_2022_ecommerce/app/helpers/sessions_helper.rb": {
        "lines": [
          1,
          1,
          6,
          null,
          null,
          1,
          12,
          12,
          0,
          0,
          0,
          0,
          0,
          null,
          null,
          null,
          null,
          1,
          0,
          null,
          null,
          1,
          0,
          null,
          null,
          1,
          6,
          null,
          null,
          1,
          0,
          0,
          0,
          null,
          null,
          1,
          0,
          0,
          null,
          null,
          1,
          0,
          null,
          null,
          1,
          0,
          0,
          0,
          null,
          null,
          1,
          0,
          0,
          0,
          null,
          null
        ]
      },
      "/home/minh/Desktop/intern_ruby_2022_ecommerce/app/controllers/admin/orders_controller.rb": {
        "lines": [
          1,
          1,
          null,
          1,
          1,
          1,
          null,
          null,
          null,
          1,
          1,
          null,
          null,
          1,
          2,
          1,
          null,
          1,
          1,
          null,
          null,
          null,
          1,
          1,
          5,
          5,
          null,
          2,
          2,
          null,
          null,
          1,
          2,
          null,
          null
        ]
      },
      "/home/minh/Desktop/intern_ruby_2022_ecommerce/app/controllers/admin/base_controller.rb": {
        "lines": [
          1,
          1,
          1,
          null,
          1,
          null,
          1,
          1,
          6,
          null,
          0,
          0,
          null,
          null
        ]
      },
      "/home/minh/Desktop/intern_ruby_2022_ecommerce/app/controllers/application_controller.rb": {
        "lines": [
          1,
          1,
          1,
          1,
          1,
          1,
          1,
          null,
          1,
          null,
          1,
          6,
          null,
          null,
          1,
          3,
          null,
          null,
          1,
          0,
          null,
          0,
          0,
          0,
          null,
          null,
          1,
          0,
          0,
          null,
          0,
          0,
          null,
          null
        ]
      },
      "/home/minh/Desktop/intern_ruby_2022_ecommerce/app/models/order.rb": {
        "lines": [
          1,
          1,
          1,
          null,
          null,
          1,
          null,
          1,
          1,
          null,
          1,
          null,
          1,
          null,
          1,
          null,
          3,
          1,
          null,
          1,
          1,
          null,
          null,
          null,
          1,
          1,
          4,
          null,
          null,
          null,
          1,
          null,
          1,
          10,
          null,
          4,
          4,
          0,
          0,
          0,
          null,
          null,
          2,
          2,
          0,
          0,
          0,
          null,
          null,
          null,
          null
        ]
      },
      "/home/minh/Desktop/intern_ruby_2022_ecommerce/app/models/application_record.rb": {
        "lines": [
          1,
          1,
          null
        ]
      },
      "/home/minh/Desktop/intern_ruby_2022_ecommerce/app/models/user.rb": {
        "lines": [
          1,
          1,
          1,
          null,
          1,
          1,
          1,
          null,
          1,
          1,
          null,
          1,
          null,
          1,
          null,
          1,
          null,
          null,
          null,
          1,
          null,
          1,
          null,
          null,
          1,
          null,
          null,
          null,
          1,
          null,
          1,
          null,
          1,
          0,
          null,
          null,
          null,
          1,
          1,
          1,
          null,
          1,
          1,
          10,
          10,
          null,
          0,
          null,
          10,
          null,
          null,
          1,
          10,
          null,
          null,
          null,
          1,
          0,
          0,
          null,
          null,
          1,
          0,
          0,
          null,
          null,
          null,
          1,
          0,
          0,
          null,
          0,
          null,
          null,
          1,
          0,
          null,
          null,
          1,
          0,
          null,
          null,
          1,
          0,
          null,
          null,
          1,
          0,
          0,
          null,
          null,
          null,
          1,
          0,
          null,
          null,
          1,
          0,
          null,
          null,
          1,
          null,
          1,
          10,
          null,
          null,
          1,
          10,
          10,
          null,
          null
        ]
      },
      "/home/minh/Desktop/intern_ruby_2022_ecommerce/app/models/product.rb": {
        "lines": [
          1,
          1,
          1,
          1,
          1,
          1,
          null,
          1,
          null,
          1,
          null,
          1,
          null,
          1,
          0,
          null,
          1,
          1,
          1,
          1,
          7,
          1,
          null
        ]
      },
      "/home/minh/Desktop/intern_ruby_2022_ecommerce/app/models/order_detail.rb": {
        "lines": [
          1,
          1,
          1,
          null,
          1,
          null,
          1,
          null,
          1,
          0,
          null,
          null,
          null
        ]
      },
      "/home/minh/Desktop/intern_ruby_2022_ecommerce/app/jobs/application_job.rb": {
        "lines": [
          0,
          0
        ],
        "branches": {
        }
      },
      "/home/minh/Desktop/intern_ruby_2022_ecommerce/app/channels/application_cable/connection.rb": {
        "lines": [
          0,
          0,
          0,
          0
        ],
        "branches": {
        }
      },
      "/home/minh/Desktop/intern_ruby_2022_ecommerce/app/channels/application_cable/channel.rb": {
        "lines": [
          0,
          0,
          0,
          0
        ],
        "branches": {
        }
      },
      "/home/minh/Desktop/intern_ruby_2022_ecommerce/app/controllers/carts_controller.rb": {
        "lines": [
          0,
          0,
          0,
          0,
          null,
          0,
          null,
          0,
          null,
          0,
          0,
          0,
          0,
          0,
          0,
          0,
          0,
          null,
          0,
          0,
          0,
          0,
          0,
          0,
          0,
          0,
          0,
          null,
          0,
          0,
          0,
          0,
          0,
          0,
          0,
          0,
          null,
          0,
          null,
          0,
          0,
          0,
          null,
          0,
          0,
          0,
          null,
          0,
          0,
          0,
          0,
          null,
          0,
          0,
          0,
          0,
          0,
          0,
          0,
          0,
          0,
          0,
          null,
          0,
          0,
          0,
          0,
          0,
          0,
          0,
          0,
          0,
          0,
          null,
          0,
          0,
          0,
          0,
          0,
          0,
          0
        ],
        "branches": {
        }
      },
      "/home/minh/Desktop/intern_ruby_2022_ecommerce/app/controllers/password_resets_controller.rb": {
        "lines": [
          0,
          0,
          0,
          null,
          0,
          null,
          0,
          0,
          0,
          0,
          0,
          0,
          null,
          0,
          null,
          0,
          0,
          0,
          0,
          0,
          0,
          0,
          0,
          0,
          0,
          null,
          0,
          null,
          0,
          0,
          0,
          null,
          0,
          0,
          0,
          null,
          0,
          0,
          0,
          null,
          0,
          0,
          0,
          null,
          0,
          0,
          null,
          0,
          0,
          0,
          null,
          0,
          0,
          0,
          null,
          0,
          0,
          null,
          0,
          0,
          0,
          null,
          0,
          0,
          0,
          0,
          null,
          0,
          0,
          0,
          0,
          0,
          0
        ],
        "branches": {
        }
      },
      "/home/minh/Desktop/intern_ruby_2022_ecommerce/app/controllers/categories_controller.rb": {
        "lines": [
          0,
          0,
          0,
          0,
          0,
          null,
          0,
          0,
          0,
          0,
          0,
          0,
          0,
          0,
          null,
          0,
          0,
          0,
          0,
          0,
          0,
          0,
          0,
          0,
          0
        ],
        "branches": {
        }
      },
      "/home/minh/Desktop/intern_ruby_2022_ecommerce/app/controllers/ratings_controller.rb": {
        "lines": [
          0,
          0,
          0,
          0,
          0,
          0,
          0,
          0,
          0,
          0,
          null,
          0,
          0,
          0,
          0,
          null,
          0,
          0,
          0,
          0
        ],
        "branches": {
        }
      },
      "/home/minh/Desktop/intern_ruby_2022_ecommerce/app/controllers/account_activations_controller.rb": {
        "lines": [
          0,
          0,
          null,
          0,
          0,
          0,
          0,
          0,
          0,
          0,
          0,
          0,
          0,
          null,
          0,
          0,
          0,
          0,
          null,
          0,
          0,
          0,
          0
        ],
        "branches": {
        }
      },
      "/home/minh/Desktop/intern_ruby_2022_ecommerce/app/controllers/order_details_controller.rb": {
        "lines": [
          0,
          0,
          0,
          0,
          0,
          0,
          0,
          0,
          0,
          0
        ],
        "branches": {
        }
      },
      "/home/minh/Desktop/intern_ruby_2022_ecommerce/app/controllers/products_controller.rb": {
        "lines": [
          0,
          0,
          0,
          0,
          0,
          null,
          0,
          0,
          0,
          0,
          0,
          null,
          0,
          0,
          0,
          null,
          0,
          0,
          0,
          0,
          0
        ],
        "branches": {
        }
      },
      "/home/minh/Desktop/intern_ruby_2022_ecommerce/app/controllers/orders_controller.rb": {
        "lines": [
          0,
          0,
          0,
          0,
          null,
          0,
          0,
          0,
          null,
          0,
          0,
          0,
          0,
          null,
          0,
          0,
          0,
          0,
          0,
          0,
          0,
          0,
          0,
          null,
          0,
          0,
          0,
          0,
          0,
          0,
          0,
          0,
          0,
          null,
          0,
          0,
          0,
          0,
          0,
          0,
          0,
          0,
          0,
          null,
          0,
          0,
          0,
          0,
          null,
          0,
          0,
          0,
          0,
          0,
          0,
          0,
          0,
          0,
          0,
          null,
          0,
          0,
          0,
          0,
          0,
          0,
          0,
          0,
          0,
          0,
          0,
          0,
          0
        ],
        "branches": {
        }
      },
      "/home/minh/Desktop/intern_ruby_2022_ecommerce/app/controllers/sessions_controller.rb": {
        "lines": [
          0,
          0,
          null,
          0,
          0,
          0,
          null,
          0,
          0,
          0,
          0,
          0,
          0,
          0,
          0,
          0,
          0,
          0,
          null,
          0,
          0,
          0,
          0,
          null,
          0,
          null,
          0,
          0,
          0,
          null,
          0,
          0,
          0,
          null,
          0,
          0,
          0,
          0,
          0,
          0,
          0,
          0,
          0,
          0,
          0,
          0,
          0,
          0,
          0
        ],
        "branches": {
        }
      },
      "/home/minh/Desktop/intern_ruby_2022_ecommerce/app/controllers/users_controller.rb": {
        "lines": [
          0,
          0,
          0,
          0,
          null,
          0,
          0,
          0,
          null,
          0,
          null,
          0,
          null,
          0,
          0,
          0,
          0,
          0,
          0,
          0,
          0,
          0,
          0,
          0,
          0,
          0,
          0,
          null,
          0,
          null,
          0,
          0,
          0,
          0,
          0,
          0,
          0,
          0,
          0,
          null,
          0,
          0,
          0,
          0,
          null,
          0,
          0,
          0,
          null,
          0,
          0,
          0,
          null,
          0,
          0,
          0,
          null,
          0,
          0,
          null,
          0,
          0,
          0,
          0
        ],
        "branches": {
        }
      },
      "/home/minh/Desktop/intern_ruby_2022_ecommerce/app/controllers/static_pages_controller.rb": {
        "lines": [
          0,
          0
        ],
        "branches": {
        }
      },
      "/home/minh/Desktop/intern_ruby_2022_ecommerce/app/controllers/admin/categories_controller.rb": {
        "lines": [
          0,
          0,
          0,
          null,
          0,
          0,
          0,
          0,
          null,
          0,
          null,
          0,
          0,
          0,
          null,
          0,
          null,
          0,
          0,
          0,
          0,
          0,
          0,
          0,
          0,
          0,
          null,
          0,
          0,
          0,
          0,
          0,
          0,
          0,
          0,
          0,
          0,
          null,
          0,
          0,
          0,
          0,
          0,
          0,
          0,
          0,
          null,
          0,
          0,
          0,
          0,
          null,
          0,
          0,
          0,
          null,
          0,
          0,
          0,
          null,
          0,
          0,
          0,
          0
        ],
        "branches": {
        }
      },
      "/home/minh/Desktop/intern_ruby_2022_ecommerce/app/controllers/admin/products_controller.rb": {
        "lines": [
          0,
          0,
          0,
          null,
          0,
          0,
          0,
          null,
          0,
          0,
          0,
          null,
          0,
          0,
          0,
          0,
          null,
          0,
          null,
          0,
          0,
          0,
          0,
          0,
          0,
          0,
          0,
          0,
          null,
          0,
          0,
          0,
          0,
          0,
          0,
          0,
          0,
          0,
          0,
          null,
          0,
          0,
          0,
          0,
          0,
          0,
          0,
          0,
          null,
          0,
          0,
          0,
          0,
          null,
          0,
          0,
          0,
          null,
          0,
          0,
          0,
          0,
          0,
          0,
          null,
          0,
          0,
          0,
          null,
          0,
          0,
          0,
          0,
          0,
          0,
          0,
          0,
          0,
          0
        ],
        "branches": {
        }
      },
      "/home/minh/Desktop/intern_ruby_2022_ecommerce/app/controllers/admin/users_controller.rb": {
        "lines": [
          0,
          0,
          null,
          0,
          0,
          0,
          0,
          null,
          0,
          0,
          0,
          0,
          0,
          null,
          0,
          0,
          0,
          0,
          null,
          0,
          0,
          0,
          null,
          0,
          0,
          0,
          0
        ],
        "branches": {
        }
      },
      "/home/minh/Desktop/intern_ruby_2022_ecommerce/app/controllers/admin/static_pages_controller.rb": {
        "lines": [
          0,
          0,
          0,
          0,
          0,
          0,
          0
        ],
        "branches": {
        }
      },
      "/home/minh/Desktop/intern_ruby_2022_ecommerce/app/mailers/user_mailer.rb": {
        "lines": [
          0,
          0,
          0,
          0,
          0,
          null,
          0,
          0,
          null,
          0,
          0,
          0
        ],
        "branches": {
        }
      },
      "/home/minh/Desktop/intern_ruby_2022_ecommerce/app/mailers/application_mailer.rb": {
        "lines": [
          0,
          0,
          0,
          0
        ],
        "branches": {
        }
      },
      "/home/minh/Desktop/intern_ruby_2022_ecommerce/app/models/rating.rb": {
        "lines": [
          0,
          0,
          0,
          null,
          0,
          0,
          0,
          null,
          0,
          0,
          null,
          0,
          null,
          0,
          0
        ],
        "branches": {
        }
      },
      "/home/minh/Desktop/intern_ruby_2022_ecommerce/app/models/message.rb": {
        "lines": [
          0,
          0,
          null,
          0,
          0,
          0
        ],
        "branches": {
        }
      },
      "/home/minh/Desktop/intern_ruby_2022_ecommerce/app/models/image.rb": {
        "lines": [
          0,
          0,
          null,
          0,
          0
        ],
        "branches": {
        }
      },
      "/home/minh/Desktop/intern_ruby_2022_ecommerce/app/models/category.rb": {
        "lines": [
          0,
          0,
          null,
          0,
          null,
          0,
          null,
          0,
          null,
          0,
          null,
          0,
          null,
          0,
          0,
          null,
          0,
          0,
          0,
          0
        ],
        "branches": {
        }
      },
      "/home/minh/Desktop/intern_ruby_2022_ecommerce/app/models/product_image.rb": {
        "lines": [
          0,
          0,
          null,
          0,
          null,
          0,
          0,
          0,
          0
        ],
        "branches": {
        }
      }
    },
    "timestamp": 1662368834
  }
}
